[2021-06-02 20:35:29,722] {taskinstance.py:877} INFO - Dependencies all met for <TaskInstance: test.wait_18 2021-06-02T11:34:00+00:00 [queued]>
[2021-06-02 20:35:29,754] {taskinstance.py:877} INFO - Dependencies all met for <TaskInstance: test.wait_18 2021-06-02T11:34:00+00:00 [queued]>
[2021-06-02 20:35:29,754] {taskinstance.py:1068} INFO - 
--------------------------------------------------------------------------------
[2021-06-02 20:35:29,755] {taskinstance.py:1069} INFO - Starting attempt 1 of 4
[2021-06-02 20:35:29,755] {taskinstance.py:1070} INFO - 
--------------------------------------------------------------------------------
[2021-06-02 20:35:29,783] {taskinstance.py:1089} INFO - Executing <Task(PythonOperator): wait_18> on 2021-06-02T11:34:00+00:00
[2021-06-02 20:35:29,791] {standard_task_runner.py:52} INFO - Started process 561 to run task
[2021-06-02 20:35:29,795] {standard_task_runner.py:76} INFO - Running: ['airflow', 'tasks', 'run', 'test', 'wait_18', '2021-06-02T11:34:00+00:00', '--job-id', '291', '--pool', 'default_pool', '--raw', '--subdir', 'DAGS_FOLDER/airflow_dags.py', '--cfg-path', '/tmp/tmpqnnayhx2', '--error-file', '/tmp/tmpaa8p9rxk']
[2021-06-02 20:35:29,796] {standard_task_runner.py:77} INFO - Job 291: Subtask wait_18
[2021-06-02 20:35:29,855] {logging_mixin.py:104} INFO - Running <TaskInstance: test.wait_18 2021-06-02T11:34:00+00:00 [running]> on host 5f105601fdda
[2021-06-02 20:35:29,924] {taskinstance.py:1283} INFO - Exporting the following env vars:
AIRFLOW_CTX_DAG_OWNER=solee
AIRFLOW_CTX_DAG_ID=test
AIRFLOW_CTX_TASK_ID=wait_18
AIRFLOW_CTX_EXECUTION_DATE=2021-06-02T11:34:00+00:00
AIRFLOW_CTX_DAG_RUN_ID=scheduled__2021-06-02T11:34:00+00:00
[2021-06-02 20:35:29,925] {logging_mixin.py:104} INFO - -------
[2021-06-02 20:35:34,929] {logging_mixin.py:104} INFO - 2021-06-02 20:35:34.929255
[2021-06-02 20:35:34,929] {logging_mixin.py:104} INFO - -------
[2021-06-02 20:35:34,930] {python.py:118} INFO - Done. Returned value was: None
[2021-06-02 20:35:34,942] {taskinstance.py:1192} INFO - Marking task as SUCCESS. dag_id=test, task_id=wait_18, execution_date=20210602T113400, start_date=20210602T113529, end_date=20210602T113534
[2021-06-02 20:35:34,987] {taskinstance.py:1246} INFO - 0 downstream tasks scheduled from follow-on schedule check
[2021-06-02 20:35:35,013] {local_task_job.py:146} INFO - Task exited with return code 0
